<?xml version="1.0" encoding="UTF-8"?>
<testng-results ignored="0" total="6" passed="6" failed="0" skipped="0">
  <reporter-output>
  </reporter-output>
  <suite started-at="2023-04-28T15:34:40 PST" name="Default suite" finished-at="2023-04-28T15:35:44 PST" duration-ms="64247">
    <groups>
    </groups>
    <test started-at="2023-04-28T15:34:40 PST" name="Default test" finished-at="2023-04-28T15:35:44 PST" duration-ms="64247">
      <class name="tests.TestCases">
        <test-method is-config="true" signature="beforeSuite()[pri:0, instance:tests.TestCases@76c3e77a]" started-at="2023-04-28T15:34:33 PST" name="beforeSuite" finished-at="2023-04-28T15:34:40 PST" duration-ms="6966" status="PASS">
          <reporter-output>
          </reporter-output>
        </test-method> <!-- beforeSuite -->
        <test-method is-config="true" signature="beforeTest()[pri:0, instance:tests.TestCases@76c3e77a]" started-at="2023-04-28T15:34:40 PST" name="beforeTest" finished-at="2023-04-28T15:34:52 PST" duration-ms="11672" status="PASS">
          <reporter-output>
          </reporter-output>
        </test-method> <!-- beforeTest -->
        <test-method signature="validateLaunch()[pri:1, instance:tests.TestCases@76c3e77a]" started-at="2023-04-28T15:34:52 PST" name="validateLaunch" finished-at="2023-04-28T15:34:52 PST" duration-ms="637" status="PASS">
          <reporter-output>
          </reporter-output>
        </test-method> <!-- validateLaunch -->
        <test-method signature="getRegisterModal()[pri:2, instance:tests.TestCases@76c3e77a]" started-at="2023-04-28T15:34:52 PST" name="getRegisterModal" finished-at="2023-04-28T15:35:00 PST" duration-ms="7924" status="PASS">
          <reporter-output>
          </reporter-output>
        </test-method> <!-- getRegisterModal -->
        <test-method signature="getLoginModal()[pri:3, instance:tests.TestCases@76c3e77a]" started-at="2023-04-28T15:35:00 PST" name="getLoginModal" finished-at="2023-04-28T15:35:11 PST" duration-ms="10242" status="PASS">
          <reporter-output>
          </reporter-output>
        </test-method> <!-- getLoginModal -->
        <test-method signature="loginMethod()[pri:4, instance:tests.TestCases@76c3e77a]" started-at="2023-04-28T15:35:11 PST" name="loginMethod" finished-at="2023-04-28T15:35:21 PST" duration-ms="10382" status="PASS">
          <reporter-output>
          </reporter-output>
        </test-method> <!-- loginMethod -->
        <test-method signature="moveToMyProfile()[pri:5, instance:tests.TestCases@76c3e77a]" started-at="2023-04-28T15:35:21 PST" name="moveToMyProfile" finished-at="2023-04-28T15:35:38 PST" duration-ms="17505" status="PASS">
          <reporter-output>
          </reporter-output>
        </test-method> <!-- moveToMyProfile -->
        <test-method signature="topicsOfInterest()[pri:6, instance:tests.TestCases@76c3e77a]" started-at="2023-04-28T15:35:38 PST" name="topicsOfInterest" finished-at="2023-04-28T15:35:44 PST" duration-ms="5527" status="PASS">
          <reporter-output>
          </reporter-output>
        </test-method> <!-- topicsOfInterest -->
        <test-method is-config="true" signature="afterTest()[pri:0, instance:tests.TestCases@76c3e77a]" started-at="2023-04-28T15:35:44 PST" name="afterTest" finished-at="2023-04-28T15:35:44 PST" duration-ms="300" status="PASS">
          <reporter-output>
          </reporter-output>
        </test-method> <!-- afterTest -->
        <test-method is-config="true" signature="afterClass()[pri:0, instance:tests.TestCases@76c3e77a]" started-at="2023-04-28T15:35:44 PST" name="afterClass" finished-at="2023-04-28T15:35:45 PST" duration-ms="233" status="PASS">
          <reporter-output>
          </reporter-output>
        </test-method> <!-- afterClass -->
      </class> <!-- tests.TestCases -->
    </test> <!-- Default test -->
  </suite> <!-- Default suite -->
</testng-results>
