<?xml version="1.0" encoding="UTF-8"?>
<!-- Generated by org.testng.reporters.JUnitXMLReporter -->
<testsuite ignored="0" hostname="collaberas-mbp" failures="0" tests="6" name="Default test" time="64.247" errors="0" timestamp="2023-04-28T15:35:44 PST">
  <testcase classname="tests.TestCases" name="validateLaunch" time="0.637"/>
  <testcase classname="tests.TestCases" name="getRegisterModal" time="7.924"/>
  <testcase classname="tests.TestCases" name="getLoginModal" time="10.242"/>
  <testcase classname="tests.TestCases" name="loginMethod" time="10.382"/>
  <testcase classname="tests.TestCases" name="moveToMyProfile" time="17.505"/>
  <testcase classname="tests.TestCases" name="topicsOfInterest" time="5.527"/>
</testsuite> <!-- Default test -->
